./testcases/t10.ll: target datalayout = "E-p:64:64:64-i1:8:8-i8:8:8-i16:16:16-i32:32:32-i64:32:64-f32:32:32-f64:64:64-v64:64:64-v128:128:128-a0:0:64"
define     void @foo () nounwind{
entry:
  ret void
}
define     i32 @main () nounwind{
entry:
  call   void ()* @foo () 
  br label %bb 
bb:
  %_tmp_5 = phi i32 [0, %entry]
  br label %end 
end:
  ret i32 %_tmp_5
}

real	0m0.040s
user	0m0.026s
sys	0m0.008s
./testcases/t11.ll: target datalayout = "E-p:64:64:64-i1:8:8-i8:8:8-i16:16:16-i32:32:32-i64:32:64-f32:32:32-f64:64:64-v64:64:64-v128:128:128-a0:0:64"
define     void @foo () nounwind{
entry:
  ret void
}
define     i32 @main () nounwind{
entry:
  call   void ()* @foo () 
  br label %bb 
bb:
  %_tmp_5 = phi i32 [undef, %entry]
  br label %end 
end:
  ret i32 %_tmp_5
}

real	0m0.041s
user	0m0.010s
sys	0m0.006s
./testcases/t12.ll: target datalayout = "E-p:64:64:64-i1:8:8-i8:8:8-i16:16:16-i32:32:32-i64:32:64-f32:32:32-f64:64:64-v64:64:64-v128:128:128-a0:0:64"
define     i32 @main () nounwind{
entry:
  br label %bb 
bb:
  %_tmp_5 = phi i32 [1, %bb],[0, %entry]
  br i1 -1, label %end, label %bb
end:
  %_tmp_3 = phi i32 [1, %bb]
  ret i32 %_tmp_5
}

real	0m0.051s
user	0m0.016s
sys	0m0.018s
./testcases/t13.ll: target datalayout = "E-p:64:64:64-i1:8:8-i8:8:8-i16:16:16-i32:32:32-i64:32:64-f32:32:32-f64:64:64-v64:64:64-v128:128:128-a0:0:64"
define     i32 @main () nounwind{
entry:
  br label %bb1 
bb:
  br label %bb1 
bb1:
  %_tmp_6 = phi i32 [1, %bb],[0, %entry]
  br i1 -1, label %end, label %bb
end:
  ret i32 %_tmp_6
}

real	0m0.051s
user	0m0.023s
sys	0m0.014s
./testcases/t14.ll: target datalayout = "E-p:64:64:64-i1:8:8-i8:8:8-i16:16:16-i32:32:32-i64:32:64-f32:32:32-f64:64:64-v64:64:64-v128:128:128-a0:0:64"
define     i32 @main () nounwind{
entry:
  %c = trunc i32 undef to i1
  %a1 = add i32 undef, undef
  %a2 = add i32 undef, undef
  %a3 = add i32 undef, undef
  %a4 = add i32 undef, undef
  br label %loop 
loop:
  %_tmp_23 = phi i32 [%_tmp_23, %bb2],[undef, %entry]
  %_tmp_11 = phi i32 [%_tmp_11, %bb2],[undef, %entry]
  br i1 %c, label %bb1, label %bb2
bb1:
  %0 = add i32 %a1, %a3
  %1 = add i32 %a2, %a4
  br label %end 
bb2:
  %2 = add i32 %a1, %a3
  %3 = add i32 %a2, %a4
  br i1 -1, label %end, label %loop
end:
  %4 = phi i32 [%0, %bb1],[%2, %bb2]
  %5 = phi i32 [%1, %bb1],[%3, %bb2]
  %6 = add i32 %4, %5
  ret i32 %6
}

real	0m0.038s
user	0m0.011s
sys	0m0.006s
./testcases/t15.ll: target datalayout = "E-p:64:64:64-i1:8:8-i8:8:8-i16:16:16-i32:32:32-i64:32:64-f32:32:32-f64:64:64-v64:64:64-v128:128:128-a0:0:64"
define     i32 @main () nounwind{
entry:
  br label %bb 
bb:
  %_tmp_11 = phi i32 [undef, %entry]
  %_tmp_5 = phi i32 [undef, %entry]
  %0 = add i32 undef, %_tmp_5
  br label %end 
end:
  ret i32 %0
}

real	0m0.043s
user	0m0.020s
sys	0m0.017s
./testcases/t16.ll: target datalayout = "E-p:64:64:64-i1:8:8-i8:8:8-i16:16:16-i32:32:32-i64:32:64-f32:32:32-f64:64:64-v64:64:64-v128:128:128-a0:0:64"
define     void @foo () nounwind{
entry:
  ret void
}
define     i32 @main () nounwind{
entry:
  br i1 -1, label %bb1, label %bb2
bb1:
  %_tmp_8 = phi i32 [0, %entry]
  call   void ()* @foo () 
  br label %end 
bb2:
  %_tmp_6 = phi i32 [0, %entry]
  br label %end 
end:
  %_tmp_4 = phi i32 [%_tmp_6, %bb2],[%_tmp_8, %bb1]
  ret i32 %_tmp_4
}

real	0m0.053s
user	0m0.016s
sys	0m0.020s
./testcases/t17.ll: target datalayout = "E-p:64:64:64-i1:8:8-i8:8:8-i16:16:16-i32:32:32-i64:32:64-f32:32:32-f64:64:64-v64:64:64-v128:128:128-a0:0:64"
define     i32 @main () nounwind{
entry:
  %0 = add i32 undef, undef
  br i1 -1, label %bb1, label %bb2
bb1:
  %_tmp_53 = phi i32 [undef, %entry]
  %_tmp_26 = phi i32 [undef, %entry]
  %1 = add i32 undef, undef
  br label %merge1 
bb2:
  %_tmp_51 = phi i32 [undef, %entry]
  %_tmp_24 = phi i32 [undef, %entry]
  %2 = add i32 undef, undef
  br label %merge1 
merge1:
  %_tmp_49 = phi i32 [%_tmp_51, %bb2],[%_tmp_53, %bb1]
  %_tmp_22 = phi i32 [%_tmp_24, %bb2],[%_tmp_26, %bb1]
  %3 = phi i32 [%1, %bb1],[%2, %bb2]
  br i1 -1, label %bb3, label %bb4
bb3:
  %4 = add i32 undef, undef
  br label %merge2 
bb4:
  %5 = add i32 undef, undef
  br label %merge2 
merge2:
  %6 = phi i32 [%4, %bb3],[%5, %bb4]
  br i1 -1, label %bb5, label %bb6
bb5:
  %7 = add i32 undef, undef
  br label %end 
bb6:
  %8 = add i32 undef, undef
  br label %end 
end:
  %9 = phi i32 [%7, %bb5],[%8, %bb6]
  ret i32 %9
}

real	0m0.041s
user	0m0.021s
sys	0m0.017s
./testcases/t18.ll: target datalayout = "E-p:64:64:64-i1:8:8-i8:8:8-i16:16:16-i32:32:32-i64:32:64-f32:32:32-f64:64:64-v64:64:64-v128:128:128-a0:0:64"
define     i32 @main () nounwind{
entry:
  %0 = load i32* @g
  br i1 -1, label %bb1, label %bb2
bb1:
  store i32 0, i32* @g
  br label %bb2 
bb2:
  br i1 -1, label %bb3, label %end
bb3:
  %1 = load i32* @g
  br label %end 
end:
  %2 = phi i32 [%1, %bb3],[undef, %bb2]
  ret i32 %2
}
@g =  global i32 16

real	0m0.044s
user	0m0.022s
sys	0m0.013s
./testcases/t19.ll: target datalayout = "E-p:64:64:64-i1:8:8-i8:8:8-i16:16:16-i32:32:32-i64:32:64-f32:32:32-f64:64:64-v64:64:64-v128:128:128-a0:0:64"
%struct.tree = type { i32,double,double,%struct.tree*,%struct.tree*,%struct.tree*,%struct.tree* }
define     i32 @tsp (%struct.tree*  %t,i32  %sz,i32  %nproc) nounwind{
entry:
  %t2 = sdiv i32 %nproc, 2
  br label %end 
end:
  ret i32 0
}
define     i32 @main () nounwind{
entry:
  ret i32 0
}

real	0m0.047s
user	0m0.009s
sys	0m0.008s
./testcases/t1.ll: target datalayout = "E-p:64:64:64-i1:8:8-i8:8:8-i16:16:16-i32:32:32-i64:32:64-f32:32:32-f64:64:64-v64:64:64-v128:128:128-a0:0:64"
define     i32 @main () nounwind{
entry:
  %0 = add i32 4, 5
  br label %bb 
bb:
  br label %end 
end:
  ret i32 %0
}

real	0m0.040s
user	0m0.024s
sys	0m0.010s
./testcases/t20.ll: target datalayout = "e-p:32:32:32-i1:8:8-i8:8:8-i16:16:16-i32:32:32-i64:32:64-f32:32:32-f64:32:64-v64:64:64-v128:128:128-a0:0:64-f80:32:32"
%struct.tree = type { i32,double,double,%struct.tree*,%struct.tree*,%struct.tree*,%struct.tree* }
define internal    %struct.tree* @makelist (%struct.tree*  %t) nounwind{
entry:
  br i1 -1, label %bb4, label %end
bb4:
  %_tmp_11 = phi %struct.tree* [undef, %entry]
  %_tmp_5 = phi %struct.tree* [undef, %entry]
  br label %end 
end:
  %_tmp_9 = phi %struct.tree* [%_tmp_11, %bb4],[undef, %entry]
  %_tmp_3 = phi %struct.tree* [%_tmp_11, %bb4],[undef, %entry]
  ret %struct.tree* null
}
define     i32 @main () nounwind{
entry:
  ret i32 0
}

real	0m0.040s
user	0m0.017s
sys	0m0.016s
./testcases/t21.ll: target datalayout = "E-p:64:64:64-i1:8:8-i8:8:8-i16:16:16-i32:32:32-i64:32:64-f32:32:32-f64:64:64-v64:64:64-v128:128:128-a0:0:64"
define     i32 @onintr () nounwind{
entry:
  %retval = alloca i32, i32 1
  unreachable
return:
  %retval1 = load i32* %retval
  ret i32 %retval1
}
define     i32 @main () nounwind{
entry:
  ret i32 0
}

real	0m0.045s
user	0m0.009s
sys	0m0.009s
./testcases/t2.ll: target datalayout = "E-p:64:64:64-i1:8:8-i8:8:8-i16:16:16-i32:32:32-i64:32:64-f32:32:32-f64:64:64-v64:64:64-v128:128:128-a0:0:64"
define     i32 @main () nounwind{
entry:
  %0 = add i32 undef, undef
  br label %bb 
bb:
  %_tmp_11 = phi i32 [undef, %entry]
  %_tmp_5 = phi i32 [undef, %entry]
  %1 = add i32 undef, undef
  %2 = add i32 %0, %1
  br label %end 
end:
  ret i32 %2
}

real	0m0.048s
user	0m0.021s
sys	0m0.011s
./testcases/t3.ll: target datalayout = "E-p:64:64:64-i1:8:8-i8:8:8-i16:16:16-i32:32:32-i64:32:64-f32:32:32-f64:64:64-v64:64:64-v128:128:128-a0:0:64"
define     i32 @main () nounwind{
entry:
  br label %bb 
bb:
  %_tmp_5 = phi i32 [undef, %entry]
  %0 = add i32 undef, %_tmp_5
  br label %end 
end:
  ret i32 %0
}

real	0m0.041s
user	0m0.018s
sys	0m0.016s
./testcases/t4.ll: target datalayout = "E-p:64:64:64-i1:8:8-i8:8:8-i16:16:16-i32:32:32-i64:32:64-f32:32:32-f64:64:64-v64:64:64-v128:128:128-a0:0:64"
define     i32 @main () nounwind{
entry:
  %c = trunc i32 undef to i1
  %a1 = add i32 undef, undef
  %a2 = add i32 undef, undef
  %a3 = add i32 undef, undef
  %a4 = add i32 undef, undef
  br i1 %c, label %bb1, label %bb2
bb1:
  %_tmp_17 = phi i32 [undef, %entry]
  %_tmp_8 = phi i32 [undef, %entry]
  %0 = add i32 %a1, %a3
  %1 = add i32 %a2, %a4
  br label %end 
bb2:
  %_tmp_15 = phi i32 [undef, %entry]
  %_tmp_6 = phi i32 [undef, %entry]
  %2 = add i32 %a1, %a3
  %3 = add i32 %a2, %a4
  br label %end 
end:
  %_tmp_13 = phi i32 [%_tmp_15, %bb2],[%_tmp_17, %bb1]
  %_tmp_4 = phi i32 [%_tmp_6, %bb2],[%_tmp_8, %bb1]
  %4 = phi i32 [%0, %bb1],[%2, %bb2]
  %5 = phi i32 [%1, %bb1],[%3, %bb2]
  %6 = add i32 %4, %5
  ret i32 %6
}

real	0m0.039s
user	0m0.021s
sys	0m0.015s
./testcases/t5.ll: target datalayout = "E-p:64:64:64-i1:8:8-i8:8:8-i16:16:16-i32:32:32-i64:32:64-f32:32:32-f64:64:64-v64:64:64-v128:128:128-a0:0:64"
define     i32 @main () nounwind{
entry:
  br label %bb 
bb:
  %_tmp_11 = phi i32 [0, %entry]
  %_tmp_5 = phi i32 [undef, %entry]
  %0 = add i32 undef, %_tmp_5
  br label %end 
end:
  ret i32 %0
}

real	0m0.043s
user	0m0.023s
sys	0m0.015s
./testcases/t6.ll: target datalayout = "E-p:64:64:64-i1:8:8-i8:8:8-i16:16:16-i32:32:32-i64:32:64-f32:32:32-f64:64:64-v64:64:64-v128:128:128-a0:0:64"
define     i32 @main () nounwind{
entry:
  br i1 -1, label %bb1, label %bb2
bb1:
  %_tmp_8 = phi i32 [undef, %entry]
  %0 = add i32 undef, undef
  br label %end 
bb2:
  %_tmp_6 = phi i32 [undef, %entry]
  %1 = add i32 undef, undef
  br label %end 
end:
  %_tmp_4 = phi i32 [%_tmp_6, %bb2],[%_tmp_8, %bb1]
  %2 = phi i32 [%0, %bb1],[%1, %bb2]
  ret i32 %2
}

real	0m0.040s
user	0m0.019s
sys	0m0.019s
./testcases/t7.ll: target datalayout = "E-p:64:64:64-i1:8:8-i8:8:8-i16:16:16-i32:32:32-i64:32:64-f32:32:32-f64:64:64-v64:64:64-v128:128:128-a0:0:64"
define     i32 @main () nounwind{
entry:
  br i1 -1, label %bb1, label %bb2
bb1:
  %_tmp_8 = phi i32 [undef, %entry]
  br label %end 
bb2:
  %_tmp_6 = phi i32 [undef, %entry]
  br label %end 
end:
  %_tmp_4 = phi i32 [%_tmp_6, %bb2],[%_tmp_8, %bb1]
  %0 = phi i32 [%_tmp_8, %bb1],[1, %bb2]
  %1 = add i32 %_tmp_4, %0
  ret i32 %1
}

real	0m0.039s
user	0m0.008s
sys	0m0.010s
./testcases/t8.ll: target datalayout = "E-p:64:64:64-i1:8:8-i8:8:8-i16:16:16-i32:32:32-i64:32:64-f32:32:32-f64:64:64-v64:64:64-v128:128:128-a0:0:64"
define     i32 @main () nounwind{
entry:
  br label %bb 
bb:
  %_tmp_5 = phi i32 [0, %entry]
  br label %end 
end:
  ret i32 %_tmp_5
}

real	0m0.044s
user	0m0.022s
sys	0m0.013s
./testcases/t9.ll: target datalayout = "E-p:64:64:64-i1:8:8-i8:8:8-i16:16:16-i32:32:32-i64:32:64-f32:32:32-f64:64:64-v64:64:64-v128:128:128-a0:0:64"
define     i32 @main () nounwind{
entry:
  br label %bb 
bb:
  %_tmp_11 = phi i32 [0, %entry]
  %_tmp_5 = phi i32 [0, %entry]
  br label %end 
end:
  ret i32 %_tmp_5
}

real	0m0.040s
user	0m0.017s
sys	0m0.023s
bh: Coq M2R

real	0m25.596s
user	0m23.431s
sys	0m0.034s
LLVM ld1
/tmp/ccXkBPJs.o: In function `getparam':
bha.exe.bc:(.text+0x28e7): warning: the `gets' function is dangerous and should not be used.

real	0m2.732s
user	0m2.473s
sys	0m0.080s
Coq M2R no phielim

real	0m19.581s
user	0m18.822s
sys	0m0.114s
LLVM ld2
/tmp/ccwLivDN.o: In function `getparam':
bhc.exe.bc:(.text+0x2d09): warning: the `gets' function is dangerous and should not be used.

real	0m3.963s
user	0m1.666s
sys	0m0.061s
LLVM ld3
/tmp/ccVcDyCf.o: In function `getparam':
bhb.exe.bc:(.text+0x3aaf): warning: the `gets' function is dangerous and should not be used.

real	0m2.525s
user	0m2.164s
sys	0m0.058s
bisort: Coq M2R

real	0m0.165s
user	0m0.142s
sys	0m0.016s
LLVM ld1

real	0m0.463s
user	0m0.380s
sys	0m0.047s
Coq M2R no phielim

real	0m0.132s
user	0m0.116s
sys	0m0.014s
LLVM ld2

real	0m0.485s
user	0m0.386s
sys	0m0.042s
LLVM ld3

real	0m0.499s
user	0m0.392s
sys	0m0.048s
em3d: Coq M2R

real	0m0.108s
user	0m0.087s
sys	0m0.010s
LLVM ld1

real	0m0.537s
user	0m0.369s
sys	0m0.059s
Coq M2R no phielim

real	0m0.118s
user	0m0.030s
sys	0m0.009s
LLVM ld2

real	0m0.572s
user	0m0.459s
sys	0m0.054s
LLVM ld3

real	0m0.551s
user	0m0.222s
sys	0m0.060s
health: Coq M2R

real	0m0.220s
user	0m0.175s
sys	0m0.021s
LLVM ld1

real	0m0.637s
user	0m0.265s
sys	0m0.050s
Coq M2R no phielim

real	0m0.236s
user	0m0.179s
sys	0m0.025s
LLVM ld2

real	0m0.732s
user	0m0.274s
sys	0m0.049s
LLVM ld3

real	0m0.704s
user	0m0.288s
sys	0m0.054s
mst: Coq M2R

real	0m0.239s
user	0m0.208s
sys	0m0.018s
LLVM ld1

real	0m0.571s
user	0m0.474s
sys	0m0.042s
Coq M2R no phielim

real	0m0.250s
user	0m0.184s
sys	0m0.024s
LLVM ld2

real	0m0.697s
user	0m0.531s
sys	0m0.081s
LLVM ld3

real	0m0.601s
user	0m0.505s
sys	0m0.057s
perimeter: Coq M2R

real	0m0.525s
user	0m0.503s
sys	0m0.015s
LLVM ld1

real	0m0.672s
user	0m0.387s
sys	0m0.057s
Coq M2R no phielim

real	0m0.488s
user	0m0.461s
sys	0m0.022s
LLVM ld2

real	0m0.749s
user	0m0.591s
sys	0m0.063s
LLVM ld3

real	0m0.743s
user	0m0.350s
sys	0m0.044s
power: Coq M2R

real	0m0.568s
user	0m0.488s
sys	0m0.039s
LLVM ld1

real	0m1.647s
user	0m1.509s
sys	0m0.072s
Coq M2R no phielim

real	0m0.563s
user	0m0.520s
sys	0m0.039s
LLVM ld2

real	0m1.677s
user	0m1.550s
sys	0m0.089s
LLVM ld3

real	0m1.557s
user	0m1.348s
sys	0m0.069s
treeadd: Coq M2R

real	0m0.052s
user	0m0.036s
sys	0m0.014s
LLVM ld1

real	0m0.318s
user	0m0.240s
sys	0m0.069s
Coq M2R no phielim

real	0m0.058s
user	0m0.040s
sys	0m0.014s
LLVM ld2

real	0m0.325s
user	0m0.219s
sys	0m0.054s
LLVM ld3

real	0m0.329s
user	0m0.137s
sys	0m0.054s
tsp: Coq M2R

real	0m2.993s
user	0m2.943s
sys	0m0.020s
LLVM ld1

real	0m0.772s
user	0m0.573s
sys	0m0.048s
Coq M2R no phielim

real	0m2.241s
user	0m2.131s
sys	0m0.033s
LLVM ld2

real	0m1.038s
user	0m0.523s
sys	0m0.048s
LLVM ld3

real	0m0.795s
user	0m0.678s
sys	0m0.050s
bh b: 
real	0m18.880s
user	0m17.493s
sys	0m0.011s
bh a: 
real	0m12.105s
user	0m4.021s
sys	0m0.002s
bh c: 
real	0m12.136s
user	0m4.130s
sys	0m0.003s
bisort b: 
real	0m31.918s
user	0m11.730s
sys	0m0.045s
bisort a: 
real	0m22.613s
user	0m21.619s
sys	0m0.138s
bisort c: 
real	0m23.344s
user	0m22.383s
sys	0m0.144s
em3d b: 
real	1m2.093s
user	0m59.261s
sys	0m0.733s
em3d a: 
real	0m26.416s
user	0m15.343s
sys	0m0.631s
em3d c: 
real	0m23.640s
user	0m7.839s
sys	0m0.214s
health b: 
real	0m24.379s
user	0m23.281s
sys	0m0.265s
health a: 
real	0m17.552s
user	0m12.177s
sys	0m0.217s
health c: 
real	0m16.527s
user	0m6.132s
sys	0m0.112s
mst b: 
real	0m7.392s
user	0m2.287s
sys	0m0.169s
mst a: 
real	0m5.456s
user	0m1.642s
sys	0m0.163s
mst c: 
real	0m5.387s
user	0m1.627s
sys	0m0.160s
perimeter b: 
real	1m23.619s
user	0m38.045s
sys	0m0.010s
perimeter a: 
real	0m52.891s
user	0m19.146s
sys	0m0.011s
perimeter c: 
real	0m56.661s
user	0m54.684s
sys	0m0.022s
power b: 
real	0m1.714s
user	0m1.674s
sys	0m0.002s
power a: 
real	0m1.656s
user	0m1.521s
sys	0m0.003s
power c: 
real	0m1.673s
user	0m1.607s
sys	0m0.006s
treeadd b: 
real	0m8.232s
user	0m7.236s
sys	0m0.430s
treeadd a: 
real	0m4.575s
user	0m4.053s
sys	0m0.394s
treeadd c: 
real	0m6.268s
user	0m5.463s
sys	0m0.457s
tsp b: 
real	0m11.954s
user	0m11.335s
sys	0m0.189s
tsp a: 
real	0m9.175s
user	0m8.712s
sys	0m0.148s
tsp c: 
real	0m9.643s
user	0m8.593s
sys	0m0.095s
129.compress: Coq M2R

real	0m0.919s
user	0m0.750s
sys	0m0.023s
LLVM ld1

real	0m1.169s
user	0m1.035s
sys	0m0.063s
Coq M2R no phielim

real	0m0.847s
user	0m0.579s
sys	0m0.029s
LLVM ld2

real	0m1.471s
user	0m0.620s
sys	0m0.046s
LLVM ld3

real	0m1.220s
user	0m1.113s
sys	0m0.060s
099.go: Coq M2R

real	9m35.821s
user	9m7.179s
sys	0m0.353s
LLVM ld1

real	0m33.498s
user	0m31.985s
sys	0m0.174s
Coq M2R no phielim

real	7m53.071s
user	6m5.364s
sys	0m2.223s
LLVM ld2

real	0m55.175s
user	0m48.671s
sys	0m0.243s
LLVM ld3

real	0m32.343s
user	0m12.644s
sys	0m0.136s
130.li: Coq M2R

real	0m12.303s
user	0m11.830s
sys	0m0.119s
LLVM ld1

real	0m9.305s
user	0m8.288s
sys	0m0.087s
Coq M2R no phielim

real	0m10.985s
user	0m10.403s
sys	0m0.237s
LLVM ld2

real	0m11.440s
user	0m10.928s
sys	0m0.099s
LLVM ld3

real	0m9.231s
user	0m8.835s
sys	0m0.088s
132.ijpeg: Coq M2R

real	1m13.148s
user	1m10.498s
sys	0m0.172s
LLVM ld1

real	0m20.323s
user	0m19.597s
sys	0m0.117s
Coq M2R no phielim

real	1m6.126s
user	1m1.441s
sys	0m0.632s
LLVM ld2

real	0m27.176s
user	0m25.894s
sys	0m0.159s
LLVM ld3

real	0m20.618s
user	0m19.197s
sys	0m0.098s
099.go b: 
real	0m18.084s
user	0m17.511s
sys	0m0.006s
099.go a: 
real	0m12.116s
user	0m11.749s
sys	0m0.005s
099.go c: 
real	0m11.338s
user	0m11.011s
sys	0m0.002s
129.compress b: 
real	1m16.798s
user	0m50.324s
sys	0m0.087s
129.compress a: 
real	0m48.804s
user	0m26.113s
sys	0m0.073s
129.compress c: 
real	0m51.692s
user	0m17.383s
sys	0m0.031s
132.ijpeg b: 
real	0m42.169s
user	0m14.141s
sys	0m0.122s
132.ijpeg a: 
real	0m23.127s
user	0m7.567s
sys	0m0.111s
132.ijpeg c: 
real	0m25.331s
user	0m24.242s
sys	0m0.322s
